Practice/10.Network/app/build/intermediates/manifest_merge_blame_file/debug/manifest-merger-blame-debug-report.txt
1<?xml version="1.0" encoding="utf-8"?>
2<manifest xmlns:android="http://schemas.android.com/apk/res/android"
3    package="com.raywenderlich.android.punchline"
4    android:versionCode="1"
5    android:versionName="1.0" >
6
7    <uses-sdk
8        android:minSdkVersion="19"
8-->src/main/AndroidManifest.xml
9        android:targetSdkVersion="29" />
9-->src/main/AndroidManifest.xml
10
11    <uses-permission android:name="android.permission.INTERNET" />
11-->src/main/AndroidManifest.xml:5:3-64
11-->src/main/AndroidManifest.xml:5:20-62
12
13    <application
13-->src/main/AndroidManifest.xml:7:3-27:17
14        android:name="com.raywenderlich.android.punchline.app.App"
14-->src/main/AndroidManifest.xml:8:7-30
15        android:allowBackup="false"
15-->src/main/AndroidManifest.xml:9:7-34
16        android:appComponentFactory="androidx.core.app.CoreComponentFactory"
16-->[androidx.core:core:1.1.0-rc01] AndroidManifest.xml:24:18-86
17        android:debuggable="true"
18        android:icon="@mipmap/ic_launcher"
18-->src/main/AndroidManifest.xml:10:7-41
19        android:label="@string/app_name"
19-->src/main/AndroidManifest.xml:11:7-39
20        android:roundIcon="@mipmap/ic_launcher_round"
20-->src/main/AndroidManifest.xml:12:7-52
21        android:supportsRtl="true"
21-->src/main/AndroidManifest.xml:13:7-33
22        android:theme="@style/AppTheme" >
22-->src/main/AndroidManifest.xml:14:7-38
23
24        <!-- Splash Activity -->
25        <activity android:name="com.raywenderlich.android.punchline.app.SplashActivity" >
25-->src/main/AndroidManifest.xml:17:5-23:16
25-->src/main/AndroidManifest.xml:17:15-84
26            <intent-filter>
26-->src/main/AndroidManifest.xml:18:7-22:23
27                <action android:name="android.intent.action.MAIN" />
27-->src/main/AndroidManifest.xml:19:9-60
27-->src/main/AndroidManifest.xml:19:17-58
28
29                <category android:name="android.intent.category.LAUNCHER" />
29-->src/main/AndroidManifest.xml:21:9-68
29-->src/main/AndroidManifest.xml:21:19-66
30            </intent-filter>
31        </activity>
32
33        <!-- Main Activity -->
34        <activity android:name="com.raywenderlich.android.punchline.MainActivity" />
34-->src/main/AndroidManifest.xml:26:5-80
34-->src/main/AndroidManifest.xml:26:15-78
35
36        <provider
36-->[androidx.lifecycle:lifecycle-process:2.0.0] AndroidManifest.xml:23:9-27:43
37            android:name="androidx.lifecycle.ProcessLifecycleOwnerInitializer"
37-->[androidx.lifecycle:lifecycle-process:2.0.0] AndroidManifest.xml:24:13-79
38            android:authorities="com.raywenderlich.android.punchline.lifecycle-process"
38-->[androidx.lifecycle:lifecycle-process:2.0.0] AndroidManifest.xml:25:13-69
39            android:exported="false"
39-->[androidx.lifecycle:lifecycle-process:2.0.0] AndroidManifest.xml:26:13-37
40            android:multiprocess="true" />
40-->[androidx.lifecycle:lifecycle-process:2.0.0] AndroidManifest.xml:27:13-40
41    </application>
42
43</manifest>